[debug] [2021-04-27T16:05:27.586Z] ----------------------------------------------------------------------
[debug] [2021-04-27T16:05:27.589Z] Command:       C:\Program Files\nodejs\node.exe C:\Users\João\AppData\Roaming\npm\node_modules\firebase-tools\lib\bin\firebase.js init
[debug] [2021-04-27T16:05:27.590Z] CLI Version:   9.10.0
[debug] [2021-04-27T16:05:27.590Z] Platform:      win32
[debug] [2021-04-27T16:05:27.590Z] Node Version:  v15.13.0
[debug] [2021-04-27T16:05:27.599Z] Time:          Tue Apr 27 2021 13:05:27 GMT-0300 (Horário Padrão de Brasília)
[debug] [2021-04-27T16:05:27.599Z] ----------------------------------------------------------------------
[debug] 
[debug] [2021-04-27T16:05:27.609Z] > command requires scopes: ["email","openid","https://www.googleapis.com/auth/cloudplatformprojects.readonly","https://www.googleapis.com/auth/firebase","https://www.googleapis.com/auth/cloud-platform"]
[debug] [2021-04-27T16:05:27.610Z] > authorizing via signed-in user (jvictor1933@gmail.com)
[info] 
     ######## #### ########  ######## ########     ###     ######  ########
     ##        ##  ##     ## ##       ##     ##  ##   ##  ##       ##
     ######    ##  ########  ######   ########  #########  ######  ######
     ##        ##  ##    ##  ##       ##     ## ##     ##       ## ##
     ##       #### ##     ## ######## ########  ##     ##  ######  ########

You're about to initialize a Firebase project in this directory:

  C:\Users\João\PycharmProjects\api-heroes-blank

[info] 
=== Project Setup
[info] 
[info] First, let's associate this project directory with a Firebase project.
[info] You can create multiple project aliases by running firebase use --add, 
[info] but for now we'll just set up a default project.
[info] 
[debug] [2021-04-27T16:06:05.415Z] > refreshing access token with scopes: []
[debug] [2021-04-27T16:06:05.416Z] >>> HTTP REQUEST POST https://www.googleapis.com/oauth2/v3/token  
 <request body omitted>
[debug] [2021-04-27T16:06:05.597Z] <<< HTTP RESPONSE 200 {"date":"Tue, 27 Apr 2021 16:06:01 GMT","pragma":"no-cache","cache-control":"no-cache, no-store, max-age=0, must-revalidate","expires":"Mon, 01 Jan 1990 00:00:00 GMT","content-type":"application/json; charset=utf-8","vary":"X-Origin, Referer, Origin,Accept-Encoding","server":"scaffolding on HTTPServer2","x-xss-protection":"0","x-frame-options":"SAMEORIGIN","x-content-type-options":"nosniff","alt-svc":"h3-29=\":443\"; ma=2592000,h3-T051=\":443\"; ma=2592000,h3-Q050=\":443\"; ma=2592000,h3-Q046=\":443\"; ma=2592000,h3-Q043=\":443\"; ma=2592000,quic=\":443\"; ma=2592000; v=\"46,43\"","accept-ranges":"none","transfer-encoding":"chunked"}
[debug] [2021-04-27T16:06:05.613Z] >>> [apiv2][query] GET https://firebase.googleapis.com/v1beta1/projects pageSize=100
[debug] [2021-04-27T16:06:06.785Z] <<< [apiv2][status] GET https://firebase.googleapis.com/v1beta1/projects 200
[debug] [2021-04-27T16:06:06.785Z] <<< [apiv2][body] GET https://firebase.googleapis.com/v1beta1/projects [omitted]
[info] i  Using project tourofheroes2joao (Tourofheroes2joao) 
[info] 
=== Hosting Setup
[info] 
[info] Your public directory is the folder (relative to your project directory) that
[info] will contain Hosting assets to be uploaded with firebase deploy. If you
[info] have a build process for your assets, use your build's output directory.
[info] 
